<?xml version="1.0" encoding="UTF-8"?>
<testsuite name="net.uiqui.embedhttp.status.StatusHolderTest" tests="35" skipped="0" failures="0" errors="0" timestamp="2025-04-05T21:59:02.995Z" hostname="Joaquims-MacBook-Pro.local" time="0.294">
  <properties/>
  <testcase name="testWaitForStatus()" classname="net.uiqui.embedhttp.status.StatusHolderTest" time="0.135"/>
  <testcase name="[1] STARTING, STARTING, false" classname="net.uiqui.embedhttp.status.StatusHolderTest" time="0.006"/>
  <testcase name="[2] STARTING, RUNNING, true" classname="net.uiqui.embedhttp.status.StatusHolderTest" time="0.001"/>
  <testcase name="[3] STARTING, STOPPING, false" classname="net.uiqui.embedhttp.status.StatusHolderTest" time="0.001"/>
  <testcase name="[4] STARTING, STOPPED, true" classname="net.uiqui.embedhttp.status.StatusHolderTest" time="0.001"/>
  <testcase name="[5] RUNNING, STARTING, false" classname="net.uiqui.embedhttp.status.StatusHolderTest" time="0.001"/>
  <testcase name="[6] RUNNING, RUNNING, false" classname="net.uiqui.embedhttp.status.StatusHolderTest" time="0.001"/>
  <testcase name="[7] RUNNING, STOPPING, true" classname="net.uiqui.embedhttp.status.StatusHolderTest" time="0.0"/>
  <testcase name="[8] RUNNING, STOPPED, true" classname="net.uiqui.embedhttp.status.StatusHolderTest" time="0.0"/>
  <testcase name="[9] STOPPING, STARTING, false" classname="net.uiqui.embedhttp.status.StatusHolderTest" time="0.0"/>
  <testcase name="[10] STOPPING, RUNNING, false" classname="net.uiqui.embedhttp.status.StatusHolderTest" time="0.001"/>
  <testcase name="[11] STOPPING, STOPPING, false" classname="net.uiqui.embedhttp.status.StatusHolderTest" time="0.0"/>
  <testcase name="[12] STOPPING, STOPPED, true" classname="net.uiqui.embedhttp.status.StatusHolderTest" time="0.001"/>
  <testcase name="[13] STOPPED, STARTING, true" classname="net.uiqui.embedhttp.status.StatusHolderTest" time="0.001"/>
  <testcase name="[14] STOPPED, RUNNING, false" classname="net.uiqui.embedhttp.status.StatusHolderTest" time="0.0"/>
  <testcase name="[15] STOPPED, STOPPING, false" classname="net.uiqui.embedhttp.status.StatusHolderTest" time="0.001"/>
  <testcase name="[16] STOPPED, STOPPED, false" classname="net.uiqui.embedhttp.status.StatusHolderTest" time="0.0"/>
  <testcase name="testGetCurrentStatus()" classname="net.uiqui.embedhttp.status.StatusHolderTest" time="0.0"/>
  <testcase name="testWaitForStatusWithMultipleWantedStatus()" classname="net.uiqui.embedhttp.status.StatusHolderTest" time="0.105"/>
  <testcase name="[1] STARTING, STARTING, false" classname="net.uiqui.embedhttp.status.StatusHolderTest" time="0.001"/>
  <testcase name="[2] STARTING, RUNNING, true" classname="net.uiqui.embedhttp.status.StatusHolderTest" time="0.0"/>
  <testcase name="[3] STARTING, STOPPING, false" classname="net.uiqui.embedhttp.status.StatusHolderTest" time="0.0"/>
  <testcase name="[4] STARTING, STOPPED, true" classname="net.uiqui.embedhttp.status.StatusHolderTest" time="0.001"/>
  <testcase name="[5] RUNNING, STARTING, false" classname="net.uiqui.embedhttp.status.StatusHolderTest" time="0.0"/>
  <testcase name="[6] RUNNING, RUNNING, false" classname="net.uiqui.embedhttp.status.StatusHolderTest" time="0.0"/>
  <testcase name="[7] RUNNING, STOPPING, true" classname="net.uiqui.embedhttp.status.StatusHolderTest" time="0.0"/>
  <testcase name="[8] RUNNING, STOPPED, true" classname="net.uiqui.embedhttp.status.StatusHolderTest" time="0.0"/>
  <testcase name="[9] STOPPING, STARTING, false" classname="net.uiqui.embedhttp.status.StatusHolderTest" time="0.001"/>
  <testcase name="[10] STOPPING, RUNNING, false" classname="net.uiqui.embedhttp.status.StatusHolderTest" time="0.001"/>
  <testcase name="[11] STOPPING, STOPPING, false" classname="net.uiqui.embedhttp.status.StatusHolderTest" time="0.001"/>
  <testcase name="[12] STOPPING, STOPPED, true" classname="net.uiqui.embedhttp.status.StatusHolderTest" time="0.0"/>
  <testcase name="[13] STOPPED, STARTING, true" classname="net.uiqui.embedhttp.status.StatusHolderTest" time="0.0"/>
  <testcase name="[14] STOPPED, RUNNING, false" classname="net.uiqui.embedhttp.status.StatusHolderTest" time="0.001"/>
  <testcase name="[15] STOPPED, STOPPING, false" classname="net.uiqui.embedhttp.status.StatusHolderTest" time="0.0"/>
  <testcase name="[16] STOPPED, STOPPED, false" classname="net.uiqui.embedhttp.status.StatusHolderTest" time="0.0"/>
  <system-out><![CDATA[]]></system-out>
  <system-err><![CDATA[]]></system-err>
</testsuite>
